zxing/build/outputs/logs/manifest-merger-debug-report.txt
-- Merging decision tree log ---
manifest
ADDED from Android-Zxing\zxing\AndroidManifest.xml:17:1-42:12
INJECTED from Android-Zxing\zxing\AndroidManifest.xml:17:1-42:12
INJECTED from Android-Zxing\zxing\AndroidManifest.xml:17:1-42:12
INJECTED from Android-Zxing\zxing\AndroidManifest.xml:17:1-42:12
INJECTED from Android-Zxing\zxing\AndroidManifest.xml:17:1-42:12
	package
		ADDED from Android-Zxing\zxing\AndroidManifest.xml:17:70-111
		INJECTED from Android-Zxing\zxing\AndroidManifest.xml
		INJECTED from Android-Zxing\zxing\AndroidManifest.xml
	android:versionName
		INJECTED from Android-Zxing\zxing\AndroidManifest.xml
		ADDED from Android-Zxing\zxing\AndroidManifest.xml:17:1-42:12
		INJECTED from Android-Zxing\zxing\AndroidManifest.xml
	xmlns:android
		ADDED from Android-Zxing\zxing\AndroidManifest.xml:17:11-69
uses-permission#android.permission.CAMERA
ADDED from Android-Zxing\zxing\AndroidManifest.xml:19:3-62
	android:name
		ADDED from Android-Zxing\zxing\AndroidManifest.xml:19:20-60
uses-permission#android.permission.VIBRATE
ADDED from Android-Zxing\zxing\AndroidManifest.xml:20:3-64
	android:name
		ADDED from Android-Zxing\zxing\AndroidManifest.xml:20:20-61
uses-feature#android.hardware.camera
ADDED from Android-Zxing\zxing\AndroidManifest.xml:23:3-82
	android:required
		ADDED from Android-Zxing\zxing\AndroidManifest.xml:23:56-80
	android:name
		ADDED from Android-Zxing\zxing\AndroidManifest.xml:23:17-55
uses-feature#android.hardware.camera.front
ADDED from Android-Zxing\zxing\AndroidManifest.xml:24:3-88
	android:required
		ADDED from Android-Zxing\zxing\AndroidManifest.xml:24:62-86
	android:name
		ADDED from Android-Zxing\zxing\AndroidManifest.xml:24:17-61
uses-feature#android.hardware.camera.autofocus
ADDED from Android-Zxing\zxing\AndroidManifest.xml:27:3-92
	android:required
		ADDED from Android-Zxing\zxing\AndroidManifest.xml:27:66-90
	android:name
		ADDED from Android-Zxing\zxing\AndroidManifest.xml:27:17-65
uses-feature#android.hardware.camera.flash
ADDED from Android-Zxing\zxing\AndroidManifest.xml:28:3-88
	android:required
		ADDED from Android-Zxing\zxing\AndroidManifest.xml:28:62-86
	android:name
		ADDED from Android-Zxing\zxing\AndroidManifest.xml:28:17-61
uses-feature#android.hardware.screen.landscape
ADDED from Android-Zxing\zxing\AndroidManifest.xml:29:3-93
	android:required
		ADDED from Android-Zxing\zxing\AndroidManifest.xml:29:66-90
	android:name
		ADDED from Android-Zxing\zxing\AndroidManifest.xml:29:17-65
uses-feature#android.hardware.wifi
ADDED from Android-Zxing\zxing\AndroidManifest.xml:30:3-80
	android:required
		ADDED from Android-Zxing\zxing\AndroidManifest.xml:30:54-78
	android:name
		ADDED from Android-Zxing\zxing\AndroidManifest.xml:30:17-53
application
ADDED from Android-Zxing\zxing\AndroidManifest.xml:33:5-40:17
activity#com.journeyapps.barcodescanner.CaptureActivity
ADDED from Android-Zxing\zxing\AndroidManifest.xml:34:7-39:66
	android:screenOrientation
		ADDED from Android-Zxing\zxing\AndroidManifest.xml:36:17-60
	android:clearTaskOnLaunch
		ADDED from Android-Zxing\zxing\AndroidManifest.xml:35:17-49
	android:stateNotNeeded
		ADDED from Android-Zxing\zxing\AndroidManifest.xml:37:17-46
	android:windowSoftInputMode
		ADDED from Android-Zxing\zxing\AndroidManifest.xml:39:17-64
	android:theme
		ADDED from Android-Zxing\zxing\AndroidManifest.xml:38:17-58
	android:name
		ADDED from Android-Zxing\zxing\AndroidManifest.xml:34:17-78
uses-sdk
INJECTED from Android-Zxing\zxing\AndroidManifest.xml reason: use-sdk injection requested
INJECTED from Android-Zxing\zxing\AndroidManifest.xml
INJECTED from Android-Zxing\zxing\AndroidManifest.xml
	android:minSdkVersion
		INJECTED from Android-Zxing\zxing\AndroidManifest.xml
		ADDED from Android-Zxing\zxing\AndroidManifest.xml
		INJECTED from Android-Zxing\zxing\AndroidManifest.xml